Build started 1/28/2015 10:07:20 AM.
     1>Project "H:\Visual Studio 2010\Projects\Huffman\Huffman\Huffman.vcxproj" on node 2 (build target(s)).
     1>InitializeBuildStatus:
         Creating "Debug\Huffman.unsuccessfulbuild" because "AlwaysCreate" was specified.
       ClCompile:
         E:\Program Files (x86)\Microsoft Visual Studio 10.0\VC\bin\CL.exe /c /ZI /nologo /W3 /WX- /Od /Oy- /D WIN32 /D _DEBUG /D _CONSOLE /D _UNICODE /D UNICODE /Gm /EHsc /RTC1 /MDd /GS /fp:precise /Zc:wchar_t /Zc:forScope /Fo"Debug\\" /Fd"Debug\vc100.pdb" /Gd /TP /analyze- /errorReport:prompt Huffman.cpp
         Huffman.cpp
     1>h:\visual studio 2010\projects\huffman\huffman\huffman.cpp(401): warning C4996: 'sprintf': This function or variable may be unsafe. Consider using sprintf_s instead. To disable deprecation, use _CRT_SECURE_NO_WARNINGS. See online help for details.
                 e:\program files (x86)\microsoft visual studio 10.0\vc\include\stdio.h(371) : see declaration of 'sprintf'
       ManifestResourceCompile:
         All outputs are up-to-date.
       Link:
         E:\Program Files (x86)\Microsoft Visual Studio 10.0\VC\bin\link.exe /ERRORREPORT:PROMPT /OUT:"H:\Visual Studio 2010\Projects\Huffman\Debug\Huffman.exe" /INCREMENTAL /NOLOGO kernel32.lib user32.lib gdi32.lib winspool.lib comdlg32.lib advapi32.lib shell32.lib ole32.lib oleaut32.lib uuid.lib odbc32.lib odbccp32.lib /MANIFEST /ManifestFile:"Debug\Huffman.exe.intermediate.manifest" /MANIFESTUAC:"level='asInvoker' uiAccess='false'" /DEBUG /PDB:"H:\Visual Studio 2010\Projects\Huffman\Debug\Huffman.pdb" /SUBSYSTEM:CONSOLE /TLBID:1 /DYNAMICBASE /NXCOMPAT /IMPLIB:"H:\Visual Studio 2010\Projects\Huffman\Debug\Huffman.lib" /MACHINE:X86 Debug\Huffman.exe.embed.manifest.res
         Debug\Huffman.obj
       Manifest:
         C:\Program Files (x86)\Microsoft SDKs\Windows\v7.0A\bin\mt.exe /nologo /verbose /out:"Debug\Huffman.exe.embed.manifest" /manifest Debug\Huffman.exe.intermediate.manifest
         All outputs are up-to-date.
       LinkEmbedManifest:
         All outputs are up-to-date.
         Huffman.vcxproj -> H:\Visual Studio 2010\Projects\Huffman\Debug\Huffman.exe
       FinalizeBuildStatus:
         Deleting file "Debug\Huffman.unsuccessfulbuild".
         Touching "Debug\Huffman.lastbuildstate".
     1>Done Building Project "H:\Visual Studio 2010\Projects\Huffman\Huffman\Huffman.vcxproj" (build target(s)).

Build succeeded.

Time Elapsed 00:00:04.10
